<?xml version="1.0" encoding="UTF-8"?>
<Site BuildName="(empty)"
	BuildStamp="20240816-2018-Experimental"
	Name="kelvin-MS-7C95"
	Generator="ctest-3.16.3"
	CompilerName="/usr/bin/c++"
	CompilerVersion="9.4.0"
	OSName="Linux"
	Hostname="kelvin-MS-7C95"
	OSRelease="5.15.0-117-generic"
	OSVersion="#127~20.04.1-Ubuntu SMP Thu Jul 11 15:36:12 UTC 2024"
	OSPlatform="x86_64"
	Is64Bits="1"
	VendorString="AuthenticAMD"
	VendorID="Advanced Micro Devices"
	FamilyID="25"
	ModelID="80"
	ProcessorCacheSize="512"
	NumberOfLogicalCPU="12"
	NumberOfPhysicalCPU="6"
	TotalVirtualMemory="2047"
	TotalPhysicalMemory="44024"
	LogicalProcessorsPerPhysical="2"
	ProcessorClockFrequency="3577.51"
	>
	<Testing>
		<StartDateTime>Aug 16 17:19 -03</StartDateTime>
		<StartTestTime>1723839548</StartTestTime>
		<TestList/>
		<EndDateTime>Aug 16 17:19 -03</EndDateTime>
		<EndTestTime>1723839548</EndTestTime>
		<ElapsedMinutes>0</ElapsedMinutes>
	</Testing>
</Site>
